{"/home/thomasalfonso/Documents/coder_academy/assignments/ThomasAlfonso_T3A2/PartB/expressAPI/config/aws.js": {"path":"/home/thomasalfonso/Documents/coder_academy/assignments/ThomasAlfonso_T3A2/PartB/expressAPI/config/aws.js","statementMap":{"0":{"start":{"line":1,"column":12},"end":{"line":1,"column":30}},"1":{"start":{"line":3,"column":0},"end":{"line":6,"column":3}},"2":{"start":{"line":8,"column":11},"end":{"line":8,"column":23}},"3":{"start":{"line":10,"column":0},"end":{"line":10,"column":20}}},"fnMap":{},"branchMap":{},"s":{"0":1,"1":1,"2":1,"3":1},"f":{},"b":{},"_coverageSchema":"1a1c01bbd47fc00a2c39e90264f33305004495a9","hash":"7754635def5549f16e9c5164cfc3519b5fe198ee"}
,"/home/thomasalfonso/Documents/coder_academy/assignments/ThomasAlfonso_T3A2/PartB/expressAPI/controllers/admin_controller.js": {"path":"/home/thomasalfonso/Documents/coder_academy/assignments/ThomasAlfonso_T3A2/PartB/expressAPI/controllers/admin_controller.js","statementMap":{"0":{"start":{"line":1,"column":21},"end":{"line":1,"column":64}},"1":{"start":{"line":2,"column":19},"end":{"line":2,"column":60}},"2":{"start":{"line":6,"column":60},"end":{"line":6,"column":68}},"3":{"start":{"line":8,"column":4},"end":{"line":14,"column":5}},"4":{"start":{"line":9,"column":8},"end":{"line":9,"column":83}},"5":{"start":{"line":10,"column":8},"end":{"line":10,"column":27}},"6":{"start":{"line":12,"column":8},"end":{"line":12,"column":24}},"7":{"start":{"line":13,"column":8},"end":{"line":13,"column":20}},"8":{"start":{"line":15,"column":4},"end":{"line":15,"column":29}},"9":{"start":{"line":19,"column":64},"end":{"line":19,"column":72}},"10":{"start":{"line":21,"column":4},"end":{"line":27,"column":5}},"11":{"start":{"line":22,"column":8},"end":{"line":22,"column":98}},"12":{"start":{"line":23,"column":8},"end":{"line":23,"column":27}},"13":{"start":{"line":25,"column":8},"end":{"line":25,"column":24}},"14":{"start":{"line":26,"column":8},"end":{"line":26,"column":20}},"15":{"start":{"line":28,"column":4},"end":{"line":28,"column":29}},"16":{"start":{"line":32,"column":17},"end":{"line":32,"column":27}},"17":{"start":{"line":34,"column":4},"end":{"line":41,"column":5}},"18":{"start":{"line":35,"column":8},"end":{"line":35,"column":49}},"19":{"start":{"line":36,"column":8},"end":{"line":36,"column":45}},"20":{"start":{"line":37,"column":8},"end":{"line":37,"column":27}},"21":{"start":{"line":39,"column":8},"end":{"line":39,"column":24}},"22":{"start":{"line":40,"column":8},"end":{"line":40,"column":20}},"23":{"start":{"line":42,"column":4},"end":{"line":42,"column":39}},"24":{"start":{"line":48,"column":4},"end":{"line":54,"column":5}},"25":{"start":{"line":49,"column":8},"end":{"line":49,"column":41}},"26":{"start":{"line":50,"column":8},"end":{"line":50,"column":27}},"27":{"start":{"line":52,"column":8},"end":{"line":52,"column":24}},"28":{"start":{"line":53,"column":8},"end":{"line":53,"column":20}},"29":{"start":{"line":55,"column":4},"end":{"line":55,"column":38}},"30":{"start":{"line":59,"column":28},"end":{"line":59,"column":36}},"31":{"start":{"line":61,"column":4},"end":{"line":68,"column":5}},"32":{"start":{"line":62,"column":8},"end":{"line":62,"column":59}},"33":{"start":{"line":63,"column":8},"end":{"line":63,"column":41}},"34":{"start":{"line":64,"column":8},"end":{"line":64,"column":27}},"35":{"start":{"line":66,"column":8},"end":{"line":66,"column":24}},"36":{"start":{"line":67,"column":8},"end":{"line":67,"column":20}},"37":{"start":{"line":69,"column":4},"end":{"line":69,"column":38}},"38":{"start":{"line":73,"column":18},"end":{"line":73,"column":26}},"39":{"start":{"line":74,"column":17},"end":{"line":74,"column":25}},"40":{"start":{"line":76,"column":4},"end":{"line":82,"column":5}},"41":{"start":{"line":77,"column":8},"end":{"line":77,"column":63}},"42":{"start":{"line":78,"column":8},"end":{"line":78,"column":27}},"43":{"start":{"line":80,"column":8},"end":{"line":80,"column":24}},"44":{"start":{"line":81,"column":8},"end":{"line":81,"column":20}},"45":{"start":{"line":83,"column":4},"end":{"line":83,"column":30}},"46":{"start":{"line":86,"column":0},"end":{"line":93,"column":1}}},"fnMap":{"0":{"name":"ProductCreate","decl":{"start":{"line":5,"column":15},"end":{"line":5,"column":28}},"loc":{"start":{"line":5,"column":37},"end":{"line":16,"column":1}},"line":5},"1":{"name":"ProductUpdate","decl":{"start":{"line":18,"column":15},"end":{"line":18,"column":28}},"loc":{"start":{"line":18,"column":37},"end":{"line":29,"column":1}},"line":18},"2":{"name":"ProductDelete","decl":{"start":{"line":31,"column":15},"end":{"line":31,"column":28}},"loc":{"start":{"line":31,"column":37},"end":{"line":43,"column":1}},"line":31},"3":{"name":"OrderGet","decl":{"start":{"line":46,"column":15},"end":{"line":46,"column":23}},"loc":{"start":{"line":46,"column":32},"end":{"line":56,"column":1}},"line":46},"4":{"name":"OrderPut","decl":{"start":{"line":58,"column":15},"end":{"line":58,"column":23}},"loc":{"start":{"line":58,"column":34},"end":{"line":70,"column":1}},"line":58},"5":{"name":"ImageUpload","decl":{"start":{"line":72,"column":15},"end":{"line":72,"column":26}},"loc":{"start":{"line":72,"column":38},"end":{"line":84,"column":1}},"line":72}},"branchMap":{},"s":{"0":1,"1":1,"2":1,"3":1,"4":1,"5":1,"6":0,"7":0,"8":1,"9":1,"10":1,"11":1,"12":1,"13":0,"14":0,"15":1,"16":1,"17":1,"18":1,"19":1,"20":1,"21":0,"22":0,"23":1,"24":1,"25":1,"26":1,"27":0,"28":0,"29":1,"30":1,"31":1,"32":1,"33":1,"34":1,"35":0,"36":0,"37":1,"38":1,"39":1,"40":1,"41":1,"42":1,"43":0,"44":0,"45":1,"46":1},"f":{"0":1,"1":1,"2":1,"3":1,"4":1,"5":1},"b":{},"_coverageSchema":"1a1c01bbd47fc00a2c39e90264f33305004495a9","hash":"1f817764e2698c5098b429559274aba004e75505"}
,"/home/thomasalfonso/Documents/coder_academy/assignments/ThomasAlfonso_T3A2/PartB/expressAPI/controllers/auth_controller.js": {"path":"/home/thomasalfonso/Documents/coder_academy/assignments/ThomasAlfonso_T3A2/PartB/expressAPI/controllers/auth_controller.js","statementMap":{"0":{"start":{"line":1,"column":19},"end":{"line":1,"column":60}},"1":{"start":{"line":2,"column":19},"end":{"line":2,"column":53}},"2":{"start":{"line":5,"column":30},"end":{"line":5,"column":38}},"3":{"start":{"line":7,"column":4},"end":{"line":15,"column":5}},"4":{"start":{"line":8,"column":22},"end":{"line":8,"column":55}},"5":{"start":{"line":9,"column":22},"end":{"line":9,"column":58}},"6":{"start":{"line":10,"column":8},"end":{"line":11,"column":47}},"7":{"start":{"line":10,"column":20},"end":{"line":10,"column":59}},"8":{"start":{"line":11,"column":14},"end":{"line":11,"column":46}},"9":{"start":{"line":13,"column":8},"end":{"line":13,"column":24}},"10":{"start":{"line":14,"column":8},"end":{"line":14,"column":20}},"11":{"start":{"line":16,"column":4},"end":{"line":16,"column":36}},"12":{"start":{"line":20,"column":0},"end":{"line":22,"column":1}}},"fnMap":{"0":{"name":"AdminLogin","decl":{"start":{"line":4,"column":15},"end":{"line":4,"column":25}},"loc":{"start":{"line":4,"column":35},"end":{"line":17,"column":1}},"line":4}},"branchMap":{"0":{"loc":{"start":{"line":10,"column":8},"end":{"line":11,"column":47}},"type":"if","locations":[{"start":{"line":10,"column":8},"end":{"line":11,"column":47}},{"start":{"line":10,"column":8},"end":{"line":11,"column":47}}],"line":10}},"s":{"0":1,"1":1,"2":1,"3":1,"4":1,"5":1,"6":1,"7":1,"8":0,"9":0,"10":0,"11":1,"12":1},"f":{"0":1},"b":{"0":[1,0]},"_coverageSchema":"1a1c01bbd47fc00a2c39e90264f33305004495a9","hash":"7a571ce5c845b0021b00c8added3068439b71142"}
,"/home/thomasalfonso/Documents/coder_academy/assignments/ThomasAlfonso_T3A2/PartB/expressAPI/controllers/payment_controller.js": {"path":"/home/thomasalfonso/Documents/coder_academy/assignments/ThomasAlfonso_T3A2/PartB/expressAPI/controllers/payment_controller.js","statementMap":{"0":{"start":{"line":1,"column":19},"end":{"line":1,"column":60}},"1":{"start":{"line":2,"column":15},"end":{"line":2,"column":63}},"2":{"start":{"line":3,"column":18},"end":{"line":3,"column":36}},"3":{"start":{"line":7,"column":4},"end":{"line":50,"column":5}},"4":{"start":{"line":8,"column":46},"end":{"line":8,"column":54}},"5":{"start":{"line":9,"column":22},"end":{"line":9,"column":64}},"6":{"start":{"line":10,"column":25},"end":{"line":13,"column":10}},"7":{"start":{"line":14,"column":23},"end":{"line":31,"column":40}},"8":{"start":{"line":32,"column":8},"end":{"line":32,"column":104}},"9":{"start":{"line":32,"column":62},"end":{"line":32,"column":103}},"10":{"start":{"line":33,"column":8},"end":{"line":45,"column":11}},"11":{"start":{"line":46,"column":8},"end":{"line":46,"column":25}},"12":{"start":{"line":48,"column":8},"end":{"line":48,"column":20}},"13":{"start":{"line":49,"column":8},"end":{"line":49,"column":22}},"14":{"start":{"line":51,"column":4},"end":{"line":51,"column":29}},"15":{"start":{"line":54,"column":0},"end":{"line":56,"column":1}}},"fnMap":{"0":{"name":"Checkout","decl":{"start":{"line":5,"column":15},"end":{"line":5,"column":23}},"loc":{"start":{"line":5,"column":32},"end":{"line":52,"column":1}},"line":5}},"branchMap":{"0":{"loc":{"start":{"line":32,"column":8},"end":{"line":32,"column":104}},"type":"if","locations":[{"start":{"line":32,"column":8},"end":{"line":32,"column":104}},{"start":{"line":32,"column":8},"end":{"line":32,"column":104}}],"line":32},"1":{"loc":{"start":{"line":32,"column":11},"end":{"line":32,"column":60}},"type":"binary-expr","locations":[{"start":{"line":32,"column":11},"end":{"line":32,"column":38}},{"start":{"line":32,"column":42},"end":{"line":32,"column":60}}],"line":32}},"s":{"0":1,"1":1,"2":1,"3":1,"4":1,"5":1,"6":0,"7":0,"8":0,"9":0,"10":0,"11":0,"12":1,"13":1,"14":1,"15":1},"f":{"0":1},"b":{"0":[0,0],"1":[0,0]},"_coverageSchema":"1a1c01bbd47fc00a2c39e90264f33305004495a9","hash":"b24f67f9d54e3fa459d13704e7b713c49cc1e0b1"}
,"/home/thomasalfonso/Documents/coder_academy/assignments/ThomasAlfonso_T3A2/PartB/expressAPI/controllers/user_controller.js": {"path":"/home/thomasalfonso/Documents/coder_academy/assignments/ThomasAlfonso_T3A2/PartB/expressAPI/controllers/user_controller.js","statementMap":{"0":{"start":{"line":1,"column":21},"end":{"line":1,"column":64}},"1":{"start":{"line":2,"column":11},"end":{"line":2,"column":37}},"2":{"start":{"line":6,"column":4},"end":{"line":12,"column":5}},"3":{"start":{"line":7,"column":8},"end":{"line":7,"column":45}},"4":{"start":{"line":8,"column":8},"end":{"line":8,"column":27}},"5":{"start":{"line":10,"column":8},"end":{"line":10,"column":25}},"6":{"start":{"line":11,"column":8},"end":{"line":11,"column":19}},"7":{"start":{"line":13,"column":4},"end":{"line":13,"column":40}},"8":{"start":{"line":17,"column":19},"end":{"line":17,"column":29}},"9":{"start":{"line":19,"column":4},"end":{"line":26,"column":5}},"10":{"start":{"line":20,"column":23},"end":{"line":20,"column":100}},"11":{"start":{"line":21,"column":8},"end":{"line":21,"column":25}},"12":{"start":{"line":23,"column":8},"end":{"line":23,"column":24}},"13":{"start":{"line":24,"column":8},"end":{"line":24,"column":20}},"14":{"start":{"line":25,"column":8},"end":{"line":25,"column":33}},"15":{"start":{"line":29,"column":0},"end":{"line":32,"column":1}}},"fnMap":{"0":{"name":"ProductIndex","decl":{"start":{"line":4,"column":15},"end":{"line":4,"column":27}},"loc":{"start":{"line":4,"column":38},"end":{"line":14,"column":1}},"line":4},"1":{"name":"ImageShow","decl":{"start":{"line":16,"column":15},"end":{"line":16,"column":24}},"loc":{"start":{"line":16,"column":36},"end":{"line":27,"column":3}},"line":16}},"branchMap":{},"s":{"0":1,"1":1,"2":1,"3":1,"4":1,"5":0,"6":0,"7":1,"8":1,"9":1,"10":1,"11":0,"12":1,"13":1,"14":1,"15":1},"f":{"0":1,"1":1},"b":{},"_coverageSchema":"1a1c01bbd47fc00a2c39e90264f33305004495a9","hash":"e1c760a911b74e2bcfba0e8df4249fe2f4fb13e8"}
,"/home/thomasalfonso/Documents/coder_academy/assignments/ThomasAlfonso_T3A2/PartB/expressAPI/database/models/admin_model.js": {"path":"/home/thomasalfonso/Documents/coder_academy/assignments/ThomasAlfonso_T3A2/PartB/expressAPI/database/models/admin_model.js","statementMap":{"0":{"start":{"line":1,"column":17},"end":{"line":1,"column":36}},"1":{"start":{"line":2,"column":20},"end":{"line":2,"column":54}},"2":{"start":{"line":3,"column":19},"end":{"line":3,"column":55}},"3":{"start":{"line":5,"column":0},"end":{"line":5,"column":28}}},"fnMap":{},"branchMap":{},"s":{"0":1,"1":1,"2":1,"3":1},"f":{},"b":{},"_coverageSchema":"1a1c01bbd47fc00a2c39e90264f33305004495a9","hash":"81fb7a713d7f947e46b957ac7e6877dff23d77c7"}
,"/home/thomasalfonso/Documents/coder_academy/assignments/ThomasAlfonso_T3A2/PartB/expressAPI/database/models/order_model.js": {"path":"/home/thomasalfonso/Documents/coder_academy/assignments/ThomasAlfonso_T3A2/PartB/expressAPI/database/models/order_model.js","statementMap":{"0":{"start":{"line":1,"column":17},"end":{"line":1,"column":36}},"1":{"start":{"line":2,"column":20},"end":{"line":2,"column":55}},"2":{"start":{"line":3,"column":19},"end":{"line":3,"column":55}},"3":{"start":{"line":5,"column":0},"end":{"line":5,"column":28}}},"fnMap":{},"branchMap":{},"s":{"0":2,"1":2,"2":2,"3":2},"f":{},"b":{},"_coverageSchema":"1a1c01bbd47fc00a2c39e90264f33305004495a9","hash":"f60b445748a46c79295ca82409e547702f6ab144"}
,"/home/thomasalfonso/Documents/coder_academy/assignments/ThomasAlfonso_T3A2/PartB/expressAPI/database/models/product_model.js": {"path":"/home/thomasalfonso/Documents/coder_academy/assignments/ThomasAlfonso_T3A2/PartB/expressAPI/database/models/product_model.js","statementMap":{"0":{"start":{"line":1,"column":17},"end":{"line":1,"column":36}},"1":{"start":{"line":2,"column":22},"end":{"line":2,"column":58}},"2":{"start":{"line":3,"column":21},"end":{"line":3,"column":61}},"3":{"start":{"line":4,"column":0},"end":{"line":4,"column":30}}},"fnMap":{},"branchMap":{},"s":{"0":2,"1":2,"2":2,"3":2},"f":{},"b":{},"_coverageSchema":"1a1c01bbd47fc00a2c39e90264f33305004495a9","hash":"c33fcd4dd93916aebbabb94de9c8e3b8acc79a3d"}
,"/home/thomasalfonso/Documents/coder_academy/assignments/ThomasAlfonso_T3A2/PartB/expressAPI/database/schemas/admin_schema.js": {"path":"/home/thomasalfonso/Documents/coder_academy/assignments/ThomasAlfonso_T3A2/PartB/expressAPI/database/schemas/admin_schema.js","statementMap":{"0":{"start":{"line":1,"column":15},"end":{"line":1,"column":34}},"1":{"start":{"line":3,"column":20},"end":{"line":15,"column":2}},"2":{"start":{"line":17,"column":0},"end":{"line":17,"column":47}},"3":{"start":{"line":19,"column":0},"end":{"line":19,"column":29}}},"fnMap":{},"branchMap":{},"s":{"0":1,"1":1,"2":1,"3":1},"f":{},"b":{},"_coverageSchema":"1a1c01bbd47fc00a2c39e90264f33305004495a9","hash":"9e186479686a4e3ccfde469c2e4e1dec213e451e"}
,"/home/thomasalfonso/Documents/coder_academy/assignments/ThomasAlfonso_T3A2/PartB/expressAPI/database/schemas/orders_schema.js": {"path":"/home/thomasalfonso/Documents/coder_academy/assignments/ThomasAlfonso_T3A2/PartB/expressAPI/database/schemas/orders_schema.js","statementMap":{"0":{"start":{"line":1,"column":15},"end":{"line":1,"column":34}},"1":{"start":{"line":3,"column":20},"end":{"line":51,"column":2}},"2":{"start":{"line":53,"column":0},"end":{"line":53,"column":29}}},"fnMap":{},"branchMap":{},"s":{"0":2,"1":2,"2":2},"f":{},"b":{},"_coverageSchema":"1a1c01bbd47fc00a2c39e90264f33305004495a9","hash":"efa7aed3a44a7e1443bf73d7d5a5d20ef64d15ea"}
,"/home/thomasalfonso/Documents/coder_academy/assignments/ThomasAlfonso_T3A2/PartB/expressAPI/database/schemas/product_schema.js": {"path":"/home/thomasalfonso/Documents/coder_academy/assignments/ThomasAlfonso_T3A2/PartB/expressAPI/database/schemas/product_schema.js","statementMap":{"0":{"start":{"line":1,"column":15},"end":{"line":1,"column":34}},"1":{"start":{"line":3,"column":22},"end":{"line":39,"column":2}},"2":{"start":{"line":41,"column":0},"end":{"line":41,"column":31}}},"fnMap":{},"branchMap":{},"s":{"0":2,"1":2,"2":2},"f":{},"b":{},"_coverageSchema":"1a1c01bbd47fc00a2c39e90264f33305004495a9","hash":"b3f01ba1fb8a201cb1950fa1e7e9e3120f638697"}
,"/home/thomasalfonso/Documents/coder_academy/assignments/ThomasAlfonso_T3A2/PartB/expressAPI/services/jwt_service.js": {"path":"/home/thomasalfonso/Documents/coder_academy/assignments/ThomasAlfonso_T3A2/PartB/expressAPI/services/jwt_service.js","statementMap":{"0":{"start":{"line":1,"column":12},"end":{"line":1,"column":35}},"1":{"start":{"line":4,"column":18},"end":{"line":12,"column":5}},"2":{"start":{"line":13,"column":4},"end":{"line":13,"column":17}},"3":{"start":{"line":16,"column":0},"end":{"line":18,"column":1}}},"fnMap":{"0":{"name":"generateToken","decl":{"start":{"line":3,"column":9},"end":{"line":3,"column":22}},"loc":{"start":{"line":3,"column":29},"end":{"line":14,"column":1}},"line":3}},"branchMap":{},"s":{"0":1,"1":0,"2":0,"3":1},"f":{"0":0},"b":{},"_coverageSchema":"1a1c01bbd47fc00a2c39e90264f33305004495a9","hash":"243de02461003e8ed43015a9ad48c274d67f6992"}
}
