TN:
SF:config/aws.js
FNF:0
FNH:0
DA:1,1
DA:3,1
DA:8,1
DA:10,1
LF:4
LH:4
BRF:0
BRH:0
end_of_record
TN:
SF:controllers/admin_controller.js
FN:5,ProductCreate
FN:18,ProductUpdate
FN:31,ProductDelete
FN:46,OrderGet
FN:58,OrderPut
FN:72,ImageUpload
FNF:6
FNH:6
FNDA:1,ProductCreate
FNDA:1,ProductUpdate
FNDA:1,ProductDelete
FNDA:1,OrderGet
FNDA:1,OrderPut
FNDA:1,ImageUpload
DA:1,1
DA:2,1
DA:6,1
DA:8,1
DA:9,1
DA:10,1
DA:12,0
DA:13,0
DA:15,1
DA:19,1
DA:21,1
DA:22,1
DA:23,1
DA:25,0
DA:26,0
DA:28,1
DA:32,1
DA:34,1
DA:35,1
DA:36,1
DA:37,1
DA:39,0
DA:40,0
DA:42,1
DA:48,1
DA:49,1
DA:50,1
DA:52,0
DA:53,0
DA:55,1
DA:59,1
DA:61,1
DA:62,1
DA:63,1
DA:64,1
DA:66,0
DA:67,0
DA:69,1
DA:73,1
DA:74,1
DA:76,1
DA:77,1
DA:78,1
DA:80,0
DA:81,0
DA:83,1
DA:86,1
LF:47
LH:35
BRF:0
BRH:0
end_of_record
TN:
SF:controllers/auth_controller.js
FN:4,AdminLogin
FNF:1
FNH:1
FNDA:1,AdminLogin
DA:1,1
DA:2,1
DA:5,1
DA:7,1
DA:8,1
DA:9,1
DA:10,1
DA:11,0
DA:13,0
DA:14,0
DA:16,1
DA:20,1
LF:12
LH:9
BRDA:10,0,0,1
BRDA:10,0,1,0
BRF:2
BRH:1
end_of_record
TN:
SF:controllers/payment_controller.js
FN:5,Checkout
FNF:1
FNH:1
FNDA:1,Checkout
DA:1,1
DA:2,1
DA:3,1
DA:7,1
DA:8,1
DA:9,1
DA:10,0
DA:14,0
DA:32,0
DA:33,0
DA:46,0
DA:48,1
DA:49,1
DA:51,1
DA:54,1
LF:15
LH:10
BRDA:32,0,0,0
BRDA:32,0,1,0
BRDA:32,1,0,0
BRDA:32,1,1,0
BRF:4
BRH:0
end_of_record
TN:
SF:controllers/user_controller.js
FN:4,ProductIndex
FN:16,ImageShow
FNF:2
FNH:2
FNDA:1,ProductIndex
FNDA:1,ImageShow
DA:1,1
DA:2,1
DA:6,1
DA:7,1
DA:8,1
DA:10,0
DA:11,0
DA:13,1
DA:17,1
DA:19,1
DA:20,1
DA:21,0
DA:23,1
DA:24,1
DA:25,1
DA:29,1
LF:16
LH:13
BRF:0
BRH:0
end_of_record
TN:
SF:database/models/admin_model.js
FNF:0
FNH:0
DA:1,1
DA:2,1
DA:3,1
DA:5,1
LF:4
LH:4
BRF:0
BRH:0
end_of_record
TN:
SF:database/models/order_model.js
FNF:0
FNH:0
DA:1,2
DA:2,2
DA:3,2
DA:5,2
LF:4
LH:4
BRF:0
BRH:0
end_of_record
TN:
SF:database/models/product_model.js
FNF:0
FNH:0
DA:1,2
DA:2,2
DA:3,2
DA:4,2
LF:4
LH:4
BRF:0
BRH:0
end_of_record
TN:
SF:database/schemas/admin_schema.js
FNF:0
FNH:0
DA:1,1
DA:3,1
DA:17,1
DA:19,1
LF:4
LH:4
BRF:0
BRH:0
end_of_record
TN:
SF:database/schemas/orders_schema.js
FNF:0
FNH:0
DA:1,2
DA:3,2
DA:53,2
LF:3
LH:3
BRF:0
BRH:0
end_of_record
TN:
SF:database/schemas/product_schema.js
FNF:0
FNH:0
DA:1,2
DA:3,2
DA:41,2
LF:3
LH:3
BRF:0
BRH:0
end_of_record
TN:
SF:services/jwt_service.js
FN:3,generateToken
FNF:1
FNH:0
FNDA:0,generateToken
DA:1,1
DA:4,0
DA:13,0
DA:16,1
LF:4
LH:2
BRF:0
BRH:0
end_of_record
